[debug] [2018-03-07T18:41:02.020Z] ----------------------------------------------------------------------
[debug] [2018-03-07T18:41:02.070Z] Command:       C:\Program Files\nodejs\node.exe C:\Users\Abhishek\AppData\Roaming\npm\node_modules\firebase-tools\bin\firebase init
[debug] [2018-03-07T18:41:02.071Z] CLI Version:   3.17.4
[debug] [2018-03-07T18:41:02.071Z] Platform:      win32
[debug] [2018-03-07T18:41:02.071Z] Node Version:  v8.9.4
[debug] [2018-03-07T18:41:02.076Z] Time:          Thu Mar 08 2018 00:11:02 GMT+0530 (India Standard Time)
[debug] [2018-03-07T18:41:02.076Z] ----------------------------------------------------------------------
[debug] 
[debug] [2018-03-07T18:41:02.196Z] > command requires scopes: ["email","openid","https://www.googleapis.com/auth/cloudplatformprojects.readonly","https://www.googleapis.com/auth/firebase"]
[debug] [2018-03-07T18:41:02.197Z] > authorizing via signed-in user
[info] 
     ######## #### ########  ######## ########     ###     ######  ########
     ##        ##  ##     ## ##       ##     ##  ##   ##  ##       ##
     ######    ##  ########  ######   ########  #########  ######  ######
     ##        ##  ##    ##  ##       ##     ## ##     ##       ## ##
     ##       #### ##     ## ######## ########  ##     ##  ######  ########

You're about to initialize a Firebase project in this directory:

  C:\Users\Abhishek\AndroidStudioProjects

Before we get started, keep in mind:

  * You are initializing in an existing Firebase project directory

